2025/04/18 21:56:16 [notice] 1#1: using the "epoll" event method
2025/04/18 21:56:16 [notice] 1#1: nginx/1.23.4
2025/04/18 21:56:16 [notice] 1#1: built by gcc 12.2.1 20220924 (Alpine 12.2.1_git20220924-r4) 
2025/04/18 21:56:16 [notice] 1#1: OS: Linux 5.15.167.4-microsoft-standard-WSL2
2025/04/18 21:56:16 [notice] 1#1: getrlimit(RLIMIT_NOFILE): 1048576:1048576
2025/04/18 21:56:16 [notice] 1#1: start worker processes
2025/04/18 21:56:16 [notice] 1#1: start worker process 20
2025/04/18 21:56:16 [notice] 1#1: start worker process 21
2025/04/18 21:56:16 [notice] 1#1: start worker process 22
2025/04/18 21:56:16 [notice] 1#1: start worker process 23
2025/04/18 21:56:16 [notice] 1#1: start worker process 24
2025/04/18 21:56:16 [notice] 1#1: start worker process 25
2025/04/18 21:56:16 [notice] 1#1: start worker process 26
2025/04/18 21:56:16 [notice] 1#1: start worker process 27
2025/04/18 21:56:43 [notice] 1#1: signal 3 (SIGQUIT) received, shutting down
2025/04/18 21:56:43 [notice] 20#20: gracefully shutting down
2025/04/18 21:56:43 [notice] 21#21: gracefully shutting down
2025/04/18 21:56:43 [notice] 20#20: exiting
2025/04/18 21:56:43 [notice] 21#21: exiting
2025/04/18 21:56:43 [notice] 26#26: gracefully shutting down
2025/04/18 21:56:43 [notice] 24#24: gracefully shutting down
2025/04/18 21:56:43 [notice] 26#26: exiting
2025/04/18 21:56:43 [notice] 23#23: gracefully shutting down
2025/04/18 21:56:43 [notice] 24#24: exiting
2025/04/18 21:56:43 [notice] 23#23: exiting
2025/04/18 21:56:43 [notice] 25#25: gracefully shutting down
2025/04/18 21:56:43 [notice] 25#25: exiting
2025/04/18 21:56:43 [notice] 20#20: exit
2025/04/18 21:56:43 [notice] 24#24: exit
2025/04/18 21:56:43 [notice] 26#26: exit
2025/04/18 21:56:43 [notice] 21#21: exit
2025/04/18 21:56:43 [notice] 23#23: exit
2025/04/18 21:56:43 [notice] 25#25: exit
2025/04/18 21:56:43 [notice] 22#22: gracefully shutting down
2025/04/18 21:56:43 [notice] 22#22: exiting
2025/04/18 21:56:43 [notice] 27#27: gracefully shutting down
2025/04/18 21:56:43 [notice] 22#22: exit
2025/04/18 21:56:43 [notice] 27#27: exiting
2025/04/18 21:56:43 [notice] 27#27: exit
2025/04/18 21:56:43 [notice] 1#1: signal 17 (SIGCHLD) received from 26
2025/04/18 21:56:43 [notice] 1#1: worker process 21 exited with code 0
2025/04/18 21:56:43 [notice] 1#1: worker process 22 exited with code 0
2025/04/18 21:56:43 [notice] 1#1: worker process 24 exited with code 0
2025/04/18 21:56:43 [notice] 1#1: worker process 25 exited with code 0
2025/04/18 21:56:43 [notice] 1#1: worker process 26 exited with code 0
2025/04/18 21:56:43 [notice] 1#1: signal 29 (SIGIO) received
2025/04/18 21:56:43 [notice] 1#1: signal 17 (SIGCHLD) received from 24
2025/04/18 21:56:43 [notice] 1#1: signal 17 (SIGCHLD) received from 27
2025/04/18 21:56:43 [notice] 1#1: worker process 23 exited with code 0
2025/04/18 21:56:43 [notice] 1#1: worker process 27 exited with code 0
2025/04/18 21:56:43 [notice] 1#1: signal 29 (SIGIO) received
2025/04/18 21:56:43 [notice] 1#1: signal 17 (SIGCHLD) received from 20
2025/04/18 21:56:43 [notice] 1#1: worker process 20 exited with code 0
2025/04/18 21:56:43 [notice] 1#1: exit
2025/04/18 22:28:17 [notice] 1#1: using the "epoll" event method
2025/04/18 22:28:17 [notice] 1#1: nginx/1.23.4
2025/04/18 22:28:17 [notice] 1#1: built by gcc 12.2.1 20220924 (Alpine 12.2.1_git20220924-r4) 
2025/04/18 22:28:17 [notice] 1#1: OS: Linux 5.15.167.4-microsoft-standard-WSL2
2025/04/18 22:28:17 [notice] 1#1: getrlimit(RLIMIT_NOFILE): 1048576:1048576
2025/04/18 22:28:17 [notice] 1#1: start worker processes
2025/04/18 22:28:17 [notice] 1#1: start worker process 20
2025/04/18 22:28:17 [notice] 1#1: start worker process 21
2025/04/18 22:28:17 [notice] 1#1: start worker process 22
2025/04/18 22:28:17 [notice] 1#1: start worker process 23
2025/04/18 22:28:17 [notice] 1#1: start worker process 24
2025/04/18 22:28:17 [notice] 1#1: start worker process 25
2025/04/18 22:28:17 [notice] 1#1: start worker process 26
2025/04/18 22:28:17 [notice] 1#1: start worker process 27
2025/04/18 22:28:25 [notice] 1#1: signal 3 (SIGQUIT) received, shutting down
2025/04/18 22:28:25 [notice] 20#20: gracefully shutting down
2025/04/18 22:28:25 [notice] 26#26: gracefully shutting down
2025/04/18 22:28:25 [notice] 20#20: exiting
2025/04/18 22:28:25 [notice] 26#26: exiting
2025/04/18 22:28:25 [notice] 26#26: exit
2025/04/18 22:28:25 [notice] 20#20: exit
2025/04/18 22:28:25 [notice] 22#22: gracefully shutting down
2025/04/18 22:28:25 [notice] 22#22: exiting
2025/04/18 22:28:25 [notice] 22#22: exit
2025/04/18 22:28:25 [notice] 23#23: gracefully shutting down
2025/04/18 22:28:25 [notice] 23#23: exiting
2025/04/18 22:28:25 [notice] 23#23: exit
2025/04/18 22:28:25 [notice] 24#24: gracefully shutting down
2025/04/18 22:28:25 [notice] 24#24: exiting
2025/04/18 22:28:25 [notice] 24#24: exit
2025/04/18 22:28:25 [notice] 25#25: gracefully shutting down
2025/04/18 22:28:25 [notice] 25#25: exiting
2025/04/18 22:28:25 [notice] 27#27: gracefully shutting down
2025/04/18 22:28:25 [notice] 25#25: exit
2025/04/18 22:28:25 [notice] 27#27: exiting
2025/04/18 22:28:25 [notice] 27#27: exit
2025/04/18 22:28:25 [notice] 21#21: gracefully shutting down
2025/04/18 22:28:25 [notice] 21#21: exiting
2025/04/18 22:28:25 [notice] 21#21: exit
2025/04/18 22:28:25 [notice] 1#1: signal 17 (SIGCHLD) received from 25
2025/04/18 22:28:25 [notice] 1#1: worker process 25 exited with code 0
2025/04/18 22:28:25 [notice] 1#1: worker process 20 exited with code 0
2025/04/18 22:28:25 [notice] 1#1: worker process 21 exited with code 0
2025/04/18 22:28:25 [notice] 1#1: worker process 22 exited with code 0
2025/04/18 22:28:25 [notice] 1#1: worker process 26 exited with code 0
2025/04/18 22:28:25 [notice] 1#1: signal 29 (SIGIO) received
2025/04/18 22:28:25 [notice] 1#1: signal 17 (SIGCHLD) received from 22
2025/04/18 22:28:25 [notice] 1#1: worker process 24 exited with code 0
2025/04/18 22:28:25 [notice] 1#1: signal 29 (SIGIO) received
2025/04/18 22:28:25 [notice] 1#1: signal 17 (SIGCHLD) received from 27
2025/04/18 22:28:25 [notice] 1#1: worker process 23 exited with code 0
2025/04/18 22:28:25 [notice] 1#1: worker process 27 exited with code 0
2025/04/18 22:28:25 [notice] 1#1: exit
2025/04/21 05:21:07 [notice] 1#1: using the "epoll" event method
2025/04/21 05:21:07 [notice] 1#1: nginx/1.23.4
2025/04/21 05:21:07 [notice] 1#1: built by gcc 12.2.1 20220924 (Alpine 12.2.1_git20220924-r4) 
2025/04/21 05:21:07 [notice] 1#1: OS: Linux 5.15.167.4-microsoft-standard-WSL2
2025/04/21 05:21:07 [notice] 1#1: getrlimit(RLIMIT_NOFILE): 1048576:1048576
2025/04/21 05:21:07 [notice] 1#1: start worker processes
2025/04/21 05:21:07 [notice] 1#1: start worker process 20
2025/04/21 05:21:07 [notice] 1#1: start worker process 21
2025/04/21 05:21:07 [notice] 1#1: start worker process 22
2025/04/21 05:21:07 [notice] 1#1: start worker process 23
2025/04/21 05:21:07 [notice] 1#1: start worker process 24
2025/04/21 05:21:07 [notice] 1#1: start worker process 25
2025/04/21 05:21:07 [notice] 1#1: start worker process 26
2025/04/21 05:21:07 [notice] 1#1: start worker process 27
2025/04/21 05:22:40 [error] 20#20: *1 directory index of "/var/www/bitrix/" is forbidden, client: 172.18.0.1, server: b24kyberlox.ru, request: "GET / HTTP/1.1", host: "localhost"
2025/04/21 05:22:43 [error] 20#20: *1 directory index of "/var/www/bitrix/" is forbidden, client: 172.18.0.1, server: b24kyberlox.ru, request: "GET / HTTP/1.1", host: "localhost"
2025/04/21 05:23:25 [notice] 1#1: signal 3 (SIGQUIT) received, shutting down
2025/04/21 05:23:25 [notice] 20#20: gracefully shutting down
2025/04/21 05:23:25 [notice] 21#21: gracefully shutting down
2025/04/21 05:23:25 [notice] 22#22: gracefully shutting down
2025/04/21 05:23:25 [notice] 22#22: exiting
2025/04/21 05:23:25 [notice] 25#25: gracefully shutting down
2025/04/21 05:23:25 [notice] 20#20: exiting
2025/04/21 05:23:25 [notice] 25#25: exiting
2025/04/21 05:23:25 [notice] 22#22: exit
2025/04/21 05:23:25 [notice] 20#20: exit
2025/04/21 05:23:25 [notice] 25#25: exit
2025/04/21 05:23:25 [notice] 24#24: gracefully shutting down
2025/04/21 05:23:25 [notice] 24#24: exiting
2025/04/21 05:23:25 [notice] 23#23: gracefully shutting down
2025/04/21 05:23:25 [notice] 24#24: exit
2025/04/21 05:23:25 [notice] 23#23: exiting
2025/04/21 05:23:25 [notice] 23#23: exit
2025/04/21 05:23:25 [notice] 26#26: gracefully shutting down
2025/04/21 05:23:25 [notice] 26#26: exiting
2025/04/21 05:23:25 [notice] 26#26: exit
2025/04/21 05:23:25 [notice] 27#27: gracefully shutting down
2025/04/21 05:23:25 [notice] 27#27: exiting
2025/04/21 05:23:25 [notice] 27#27: exit
2025/04/21 05:23:26 [notice] 1#1: signal 17 (SIGCHLD) received from 22
2025/04/21 05:23:26 [notice] 1#1: worker process 22 exited with code 0
2025/04/21 05:23:26 [notice] 1#1: worker process 26 exited with code 0
2025/04/21 05:23:26 [notice] 1#1: signal 29 (SIGIO) received
2025/04/21 05:23:26 [notice] 1#1: signal 17 (SIGCHLD) received from 26
2025/04/21 05:23:26 [notice] 1#1: signal 17 (SIGCHLD) received from 27
2025/04/21 05:23:26 [notice] 1#1: worker process 27 exited with code 0
2025/04/21 05:23:26 [notice] 1#1: signal 29 (SIGIO) received
2025/04/21 05:23:26 [notice] 1#1: signal 17 (SIGCHLD) received from 24
2025/04/21 05:23:26 [notice] 1#1: worker process 23 exited with code 0
2025/04/21 05:23:26 [notice] 1#1: worker process 24 exited with code 0
2025/04/21 05:23:26 [notice] 1#1: worker process 25 exited with code 0
2025/04/21 05:23:26 [notice] 1#1: signal 29 (SIGIO) received
2025/04/21 05:23:26 [notice] 1#1: signal 17 (SIGCHLD) received from 23
2025/04/21 05:23:26 [notice] 1#1: signal 17 (SIGCHLD) received from 20
2025/04/21 05:23:26 [notice] 1#1: worker process 20 exited with code 0
2025/04/21 05:23:26 [notice] 1#1: signal 29 (SIGIO) received
2025/04/21 05:24:55 [notice] 1#1: using the "epoll" event method
2025/04/21 05:24:55 [notice] 1#1: nginx/1.23.4
2025/04/21 05:24:55 [notice] 1#1: built by gcc 12.2.1 20220924 (Alpine 12.2.1_git20220924-r4) 
2025/04/21 05:24:55 [notice] 1#1: OS: Linux 5.15.167.4-microsoft-standard-WSL2
2025/04/21 05:24:55 [notice] 1#1: getrlimit(RLIMIT_NOFILE): 1048576:1048576
2025/04/21 05:24:55 [notice] 1#1: start worker processes
2025/04/21 05:24:55 [notice] 1#1: start worker process 20
2025/04/21 05:24:55 [notice] 1#1: start worker process 21
2025/04/21 05:24:55 [notice] 1#1: start worker process 22
2025/04/21 05:24:55 [notice] 1#1: start worker process 23
2025/04/21 05:24:55 [notice] 1#1: start worker process 24
2025/04/21 05:24:55 [notice] 1#1: start worker process 25
2025/04/21 05:24:55 [notice] 1#1: start worker process 26
2025/04/21 05:24:55 [notice] 1#1: start worker process 27
2025/04/21 05:33:02 [error] 20#20: *1 directory index of "/var/www/bitrix/" is forbidden, client: 172.18.0.1, server: b24kyberlox.ru, request: "GET / HTTP/1.1", host: "localhost"
2025/04/21 05:52:46 [error] 23#23: *3 directory index of "/var/www/bitrix/" is forbidden, client: 172.18.0.1, server: b24kyberlox.ru, request: "GET / HTTP/1.1", host: "localhost"
2025/04/21 05:53:07 [notice] 1#1: signal 3 (SIGQUIT) received, shutting down
2025/04/21 05:53:07 [notice] 24#24: gracefully shutting down
2025/04/21 05:53:07 [notice] 27#27: gracefully shutting down
2025/04/21 05:53:07 [notice] 25#25: gracefully shutting down
2025/04/21 05:53:07 [notice] 25#25: exiting
2025/04/21 05:53:07 [notice] 27#27: exiting
2025/04/21 05:53:07 [notice] 21#21: gracefully shutting down
2025/04/21 05:53:07 [notice] 21#21: exiting
2025/04/21 05:53:07 [notice] 25#25: exit
2025/04/21 05:53:07 [notice] 27#27: exit
2025/04/21 05:53:07 [notice] 21#21: exit
2025/04/21 05:53:07 [notice] 20#20: gracefully shutting down
2025/04/21 05:53:07 [notice] 20#20: exiting
2025/04/21 05:53:07 [notice] 20#20: exit
2025/04/21 05:53:07 [notice] 22#22: gracefully shutting down
2025/04/21 05:53:07 [notice] 22#22: exiting
2025/04/21 05:53:07 [notice] 22#22: exit
2025/04/21 05:53:07 [notice] 23#23: gracefully shutting down
2025/04/21 05:53:07 [notice] 23#23: exiting
2025/04/21 05:53:07 [notice] 23#23: exit
2025/04/21 05:53:07 [notice] 26#26: gracefully shutting down
2025/04/21 05:53:07 [notice] 26#26: exiting
2025/04/21 05:53:07 [notice] 26#26: exit
2025/04/21 05:53:07 [notice] 1#1: signal 17 (SIGCHLD) received from 27
2025/04/21 05:53:07 [notice] 1#1: worker process 20 exited with code 0
2025/04/21 05:53:07 [notice] 1#1: worker process 21 exited with code 0
2025/04/21 05:53:07 [notice] 1#1: worker process 22 exited with code 0
2025/04/21 05:53:07 [notice] 1#1: worker process 23 exited with code 0
2025/04/21 05:53:07 [notice] 1#1: worker process 26 exited with code 0
2025/04/21 05:53:07 [notice] 1#1: worker process 27 exited with code 0
2025/04/21 05:53:07 [notice] 1#1: signal 29 (SIGIO) received
2025/04/21 05:53:07 [notice] 1#1: signal 17 (SIGCHLD) received from 22
2025/04/21 05:53:07 [notice] 1#1: signal 17 (SIGCHLD) received from 25
2025/04/21 05:53:07 [notice] 1#1: worker process 25 exited with code 0
2025/04/21 05:53:07 [notice] 1#1: signal 29 (SIGIO) received
2025/04/21 05:53:57 [notice] 1#1: using the "epoll" event method
2025/04/21 05:53:57 [notice] 1#1: nginx/1.23.4
2025/04/21 05:53:57 [notice] 1#1: built by gcc 12.2.1 20220924 (Alpine 12.2.1_git20220924-r4) 
2025/04/21 05:53:57 [notice] 1#1: OS: Linux 5.15.167.4-microsoft-standard-WSL2
2025/04/21 05:53:57 [notice] 1#1: getrlimit(RLIMIT_NOFILE): 1048576:1048576
2025/04/21 05:53:57 [notice] 1#1: start worker processes
2025/04/21 05:53:57 [notice] 1#1: start worker process 20
2025/04/21 05:53:57 [notice] 1#1: start worker process 21
2025/04/21 05:53:57 [notice] 1#1: start worker process 22
2025/04/21 05:53:57 [notice] 1#1: start worker process 23
2025/04/21 05:53:57 [notice] 1#1: start worker process 24
2025/04/21 05:53:57 [notice] 1#1: start worker process 25
2025/04/21 05:53:57 [notice] 1#1: start worker process 26
2025/04/21 05:53:57 [notice] 1#1: start worker process 27
2025/04/21 05:54:03 [error] 22#22: *2 directory index of "/var/www/bitrix/" is forbidden, client: 172.18.0.1, server: b24kyberlox.ru, request: "GET / HTTP/1.1", host: "localhost"
2025/04/21 05:54:04 [error] 22#22: *2 directory index of "/var/www/bitrix/" is forbidden, client: 172.18.0.1, server: b24kyberlox.ru, request: "GET / HTTP/1.1", host: "localhost"
2025/04/21 05:55:27 [notice] 1#1: signal 3 (SIGQUIT) received, shutting down
2025/04/21 05:55:27 [notice] 20#20: gracefully shutting down
2025/04/21 05:55:27 [notice] 22#22: gracefully shutting down
2025/04/21 05:55:27 [notice] 20#20: exiting
2025/04/21 05:55:27 [notice] 27#27: gracefully shutting down
2025/04/21 05:55:27 [notice] 22#22: exiting
2025/04/21 05:55:27 [notice] 26#26: gracefully shutting down
2025/04/21 05:55:27 [notice] 27#27: exiting
2025/04/21 05:55:27 [notice] 26#26: exiting
2025/04/21 05:55:27 [notice] 25#25: gracefully shutting down
2025/04/21 05:55:27 [notice] 25#25: exiting
2025/04/21 05:55:27 [notice] 20#20: exit
2025/04/21 05:55:27 [notice] 27#27: exit
2025/04/21 05:55:27 [notice] 23#23: gracefully shutting down
2025/04/21 05:55:27 [notice] 22#22: exit
2025/04/21 05:55:27 [notice] 23#23: exiting
2025/04/21 05:55:27 [notice] 26#26: exit
2025/04/21 05:55:27 [notice] 25#25: exit
2025/04/21 05:55:27 [notice] 23#23: exit
2025/04/21 05:55:27 [notice] 21#21: gracefully shutting down
2025/04/21 05:55:27 [notice] 21#21: exiting
2025/04/21 05:55:27 [notice] 24#24: gracefully shutting down
2025/04/21 05:55:27 [notice] 24#24: exiting
2025/04/21 05:55:27 [notice] 21#21: exit
2025/04/21 05:55:27 [notice] 24#24: exit
2025/04/21 05:55:27 [notice] 1#1: signal 17 (SIGCHLD) received from 20
2025/04/21 05:55:27 [notice] 1#1: worker process 20 exited with code 0
2025/04/21 05:55:27 [notice] 1#1: worker process 22 exited with code 0
2025/04/21 05:55:27 [notice] 1#1: worker process 23 exited with code 0
2025/04/21 05:55:27 [notice] 1#1: worker process 21 exited with code 0
2025/04/21 05:55:27 [notice] 1#1: worker process 25 exited with code 0
2025/04/21 05:55:27 [notice] 1#1: worker process 26 exited with code 0
2025/04/21 05:55:27 [notice] 1#1: signal 29 (SIGIO) received
2025/04/21 05:55:27 [notice] 1#1: signal 17 (SIGCHLD) received from 25
2025/04/21 05:55:27 [notice] 1#1: signal 17 (SIGCHLD) received from 24
2025/04/21 05:55:27 [notice] 1#1: worker process 24 exited with code 0
2025/04/21 05:55:27 [notice] 1#1: worker process 27 exited with code 0
2025/04/21 05:55:27 [notice] 1#1: exit
2025/04/21 05:55:46 [notice] 1#1: using the "epoll" event method
2025/04/21 05:55:46 [notice] 1#1: nginx/1.23.4
2025/04/21 05:55:46 [notice] 1#1: built by gcc 12.2.1 20220924 (Alpine 12.2.1_git20220924-r4) 
2025/04/21 05:55:46 [notice] 1#1: OS: Linux 5.15.167.4-microsoft-standard-WSL2
2025/04/21 05:55:46 [notice] 1#1: getrlimit(RLIMIT_NOFILE): 1048576:1048576
2025/04/21 05:55:46 [notice] 1#1: start worker processes
2025/04/21 05:55:46 [notice] 1#1: start worker process 20
2025/04/21 05:55:46 [notice] 1#1: start worker process 21
2025/04/21 05:55:46 [notice] 1#1: start worker process 22
2025/04/21 05:55:46 [notice] 1#1: start worker process 23
2025/04/21 05:55:46 [notice] 1#1: start worker process 24
2025/04/21 05:55:46 [notice] 1#1: start worker process 25
2025/04/21 05:55:46 [notice] 1#1: start worker process 26
2025/04/21 05:55:46 [notice] 1#1: start worker process 27
2025/04/21 05:55:47 [error] 20#20: *1 directory index of "/var/www/bitrix/" is forbidden, client: 172.18.0.1, server: b24kyberlox.ru, request: "GET / HTTP/1.1", host: "localhost"
2025/04/21 05:57:47 [error] 24#24: *3 directory index of "/var/www/bitrix/" is forbidden, client: 172.18.0.1, server: b24kyberlox.ru, request: "GET / HTTP/1.1", host: "localhost"
2025/04/21 06:04:15 [notice] 1#1: signal 3 (SIGQUIT) received, shutting down
2025/04/21 06:04:15 [notice] 22#22: gracefully shutting down
2025/04/21 06:04:15 [notice] 24#24: gracefully shutting down
2025/04/21 06:04:15 [notice] 20#20: gracefully shutting down
2025/04/21 06:04:15 [notice] 24#24: exiting
2025/04/21 06:04:15 [notice] 20#20: exiting
2025/04/21 06:04:15 [notice] 21#21: gracefully shutting down
2025/04/21 06:04:15 [notice] 25#25: gracefully shutting down
2025/04/21 06:04:15 [notice] 22#22: exiting
2025/04/21 06:04:15 [notice] 25#25: exiting
2025/04/21 06:04:15 [notice] 24#24: exit
2025/04/21 06:04:15 [notice] 20#20: exit
2025/04/21 06:04:15 [notice] 22#22: exit
2025/04/21 06:04:15 [notice] 25#25: exit
2025/04/21 06:04:15 [notice] 21#21: exiting
2025/04/21 06:04:15 [notice] 21#21: exit
2025/04/21 06:04:15 [notice] 23#23: gracefully shutting down
2025/04/21 06:04:15 [notice] 26#26: gracefully shutting down
2025/04/21 06:04:15 [notice] 23#23: exiting
2025/04/21 06:04:15 [notice] 26#26: exiting
2025/04/21 06:04:15 [notice] 27#27: gracefully shutting down
2025/04/21 06:04:15 [notice] 23#23: exit
2025/04/21 06:04:15 [notice] 27#27: exiting
2025/04/21 06:04:15 [notice] 26#26: exit
2025/04/21 06:04:15 [notice] 27#27: exit
2025/04/21 06:04:15 [notice] 1#1: signal 17 (SIGCHLD) received from 24
2025/04/21 06:04:15 [notice] 1#1: worker process 23 exited with code 0
2025/04/21 06:04:15 [notice] 1#1: worker process 24 exited with code 0
2025/04/21 06:04:15 [notice] 1#1: worker process 25 exited with code 0
2025/04/21 06:04:15 [notice] 1#1: signal 29 (SIGIO) received
2025/04/21 06:04:15 [notice] 1#1: signal 17 (SIGCHLD) received from 27
2025/04/21 06:04:15 [notice] 1#1: worker process 21 exited with code 0
2025/04/21 06:04:15 [notice] 1#1: worker process 22 exited with code 0
2025/04/21 06:04:15 [notice] 1#1: worker process 26 exited with code 0
2025/04/21 06:04:15 [notice] 1#1: worker process 27 exited with code 0
2025/04/21 06:04:15 [notice] 1#1: signal 29 (SIGIO) received
2025/04/21 06:04:15 [notice] 1#1: signal 17 (SIGCHLD) received from 20
2025/04/21 06:04:15 [notice] 1#1: worker process 20 exited with code 0
2025/04/21 06:04:15 [notice] 1#1: exit
2025/04/21 06:16:43 [notice] 1#1: using the "epoll" event method
2025/04/21 06:16:43 [notice] 1#1: nginx/1.27.5
2025/04/21 06:16:43 [notice] 1#1: built by gcc 12.2.0 (Debian 12.2.0-14) 
2025/04/21 06:16:43 [notice] 1#1: OS: Linux 5.15.167.4-microsoft-standard-WSL2
2025/04/21 06:16:43 [notice] 1#1: getrlimit(RLIMIT_NOFILE): 1048576:1048576
2025/04/21 06:16:43 [notice] 1#1: start worker processes
2025/04/21 06:16:43 [notice] 1#1: start worker process 20
2025/04/21 06:16:43 [notice] 1#1: start worker process 21
2025/04/21 06:16:43 [notice] 1#1: start worker process 22
2025/04/21 06:16:43 [notice] 1#1: start worker process 23
2025/04/21 06:16:43 [notice] 1#1: start worker process 24
2025/04/21 06:16:43 [notice] 1#1: start worker process 25
2025/04/21 06:16:43 [notice] 1#1: start worker process 26
2025/04/21 06:16:43 [notice] 1#1: start worker process 27
2025/04/21 06:19:30 [notice] 1#1: signal 3 (SIGQUIT) received, shutting down
2025/04/21 06:19:30 [notice] 20#20: gracefully shutting down
2025/04/21 06:19:30 [notice] 20#20: exiting
2025/04/21 06:19:30 [notice] 22#22: gracefully shutting down
2025/04/21 06:19:30 [notice] 22#22: exiting
2025/04/21 06:19:30 [notice] 23#23: gracefully shutting down
2025/04/21 06:19:30 [notice] 27#27: gracefully shutting down
2025/04/21 06:19:30 [notice] 20#20: exit
2025/04/21 06:19:30 [notice] 23#23: exiting
2025/04/21 06:19:30 [notice] 22#22: exit
2025/04/21 06:19:30 [notice] 27#27: exiting
2025/04/21 06:19:30 [notice] 23#23: exit
2025/04/21 06:19:30 [notice] 27#27: exit
2025/04/21 06:19:30 [notice] 21#21: gracefully shutting down
2025/04/21 06:19:30 [notice] 21#21: exiting
2025/04/21 06:19:30 [notice] 21#21: exit
2025/04/21 06:19:30 [notice] 25#25: gracefully shutting down
2025/04/21 06:19:30 [notice] 25#25: exiting
2025/04/21 06:19:30 [notice] 25#25: exit
2025/04/21 06:19:30 [notice] 24#24: gracefully shutting down
2025/04/21 06:19:30 [notice] 24#24: exiting
2025/04/21 06:19:30 [notice] 24#24: exit
2025/04/21 06:19:30 [notice] 26#26: gracefully shutting down
2025/04/21 06:19:30 [notice] 26#26: exiting
2025/04/21 06:19:30 [notice] 26#26: exit
2025/04/21 06:19:30 [notice] 1#1: signal 17 (SIGCHLD) received from 27
2025/04/21 06:19:30 [notice] 1#1: worker process 25 exited with code 0
2025/04/21 06:19:30 [notice] 1#1: worker process 26 exited with code 0
2025/04/21 06:19:30 [notice] 1#1: worker process 27 exited with code 0
2025/04/21 06:19:30 [notice] 1#1: signal 29 (SIGIO) received
2025/04/21 06:19:30 [notice] 1#1: signal 17 (SIGCHLD) received from 26
2025/04/21 06:19:30 [notice] 1#1: signal 17 (SIGCHLD) received from 20
2025/04/21 06:19:30 [notice] 1#1: worker process 20 exited with code 0
2025/04/21 06:19:30 [notice] 1#1: signal 29 (SIGIO) received
2025/04/21 06:19:30 [notice] 1#1: signal 17 (SIGCHLD) received from 21
2025/04/21 06:19:30 [notice] 1#1: worker process 21 exited with code 0
2025/04/21 06:19:30 [notice] 1#1: worker process 24 exited with code 0
2025/04/21 06:19:30 [notice] 1#1: signal 29 (SIGIO) received
2025/04/21 06:19:30 [notice] 1#1: signal 17 (SIGCHLD) received from 22
2025/04/21 06:19:30 [notice] 1#1: worker process 22 exited with code 0
2025/04/21 06:19:30 [notice] 1#1: worker process 23 exited with code 0
2025/04/21 06:19:30 [notice] 1#1: exit
